
/home/runner/work/exp-user-authentication-mechanisms-amrt/exp-user-authentication-mechanisms-amrt/experiment/simulation/js/index-BQUJdj1V.js
   1:810     warning  'global' is not defined                                                    no-undef
   1:1019    warning  Empty block statement                                                      no-empty
   1:6011    warning  'process' is not defined                                                   no-undef
   1:6037    warning  'process' is not defined                                                   no-undef
   1:10638   warning  'setImmediate' is not defined                                              no-undef
   1:11493   warning  Unreachable code                                                           no-unreachable
   1:16775   warning  '__REACT_DEVTOOLS_GLOBAL_HOOK__' is not defined                            no-undef
   1:16832   warning  '__REACT_DEVTOOLS_GLOBAL_HOOK__' is not defined                            no-undef
   1:20209   warning  Empty block statement                                                      no-empty
   6:202     warning  Expected a conditional expression and instead saw an assignment            no-cond-assign
   8:548     warning  Empty block statement                                                      no-empty
   8:4239    warning  Expected a conditional expression and instead saw an assignment            no-cond-assign
   8:4339    warning  Expected a conditional expression and instead saw an assignment            no-cond-assign
   8:4422    warning  Expected a conditional expression and instead saw an assignment            no-cond-assign
   8:4879    warning  Unexpected combined character in character class                           no-misleading-character-class
   8:6394    warning  Do not access Object.prototype method 'hasOwnProperty' from target object  no-prototype-builtins
   8:8622    warning  Do not access Object.prototype method 'hasOwnProperty' from target object  no-prototype-builtins
   8:10739   warning  Do not access Object.prototype method 'hasOwnProperty' from target object  no-prototype-builtins
   8:10769   warning  Do not access Object.prototype method 'hasOwnProperty' from target object  no-prototype-builtins
   8:10888   warning  Do not access Object.prototype method 'hasOwnProperty' from target object  no-prototype-builtins
   8:10949   warning  Do not access Object.prototype method 'hasOwnProperty' from target object  no-prototype-builtins
   8:13912   warning  Unexpected control character(s) in regular expression: \x00, \x1f          no-control-regex
   8:15955   warning  Expected to return a value in method 'get'                                 getter-return
   8:16645   warning  Do not access Object.prototype method 'hasOwnProperty' from target object  no-prototype-builtins
   8:16987   warning  Invalid typeof comparison value                                            valid-typeof
   8:17161   warning  Invalid typeof comparison value                                            valid-typeof
   8:19026   warning  Expected a conditional expression and instead saw an assignment            no-cond-assign
   8:25345   warning  Do not access Object.prototype method 'hasOwnProperty' from target object  no-prototype-builtins
   8:26655   warning  'process' is not defined                                                   no-undef
   8:26681   warning  'process' is not defined                                                   no-undef
   8:43632   warning  Empty block statement                                                      no-empty
   8:45718   warning  Expected a 'break' statement before 'case'                                 no-fallthrough
   8:46178   warning  Unexpected constant condition                                              no-constant-condition
   8:59211   warning  Empty block statement                                                      no-empty
   8:59220   warning  Empty block statement                                                      no-empty
   8:64774   warning  Expected a conditional expression and instead saw an assignment            no-cond-assign
   8:69680   warning  Expected a conditional expression and instead saw an assignment            no-cond-assign
   8:72578   warning  Expected a conditional expression and instead saw an assignment            no-cond-assign
   8:73686   warning  Expected a conditional expression and instead saw an assignment            no-cond-assign
   8:75365   warning  Expected a conditional expression and instead saw an assignment            no-cond-assign
   8:81999   warning  Expected a conditional expression and instead saw an assignment            no-cond-assign
   8:86985   warning  Unnecessary escape character: \/                                           no-useless-escape
   8:97752   warning  Expected a 'break' statement before 'case'                                 no-fallthrough
   8:98705   warning  Empty block statement                                                      no-empty
   8:98984   warning  Expected a 'break' statement before 'case'                                 no-fallthrough
   8:102180  warning  Expected a conditional expression and instead saw an assignment            no-cond-assign
   8:104551  warning  Do not access Object.prototype method 'hasOwnProperty' from target object  no-prototype-builtins
   8:106365  warning  Expected a 'break' statement before 'case'                                 no-fallthrough
   8:107038  warning  Expected a 'break' statement before 'case'                                 no-fallthrough
   8:112828  warning  Expected a 'break' statement before 'case'                                 no-fallthrough
   8:113162  warning  Unexpected constant condition                                              no-constant-condition
   8:115781  warning  Unexpected constant condition                                              no-constant-condition
   8:116406  warning  Expected a 'break' statement before 'case'                                 no-fallthrough
   8:116725  warning  Unexpected constant condition                                              no-constant-condition
   8:117125  warning  Expected a 'break' statement before 'default'                              no-fallthrough
   8:119610  warning  Expected a conditional expression and instead saw an assignment            no-cond-assign
   8:120422  warning  Empty block statement                                                      no-empty
   8:121172  warning  Empty block statement                                                      no-empty
   8:122649  warning  't' is defined but never used                                              no-unused-vars
   8:125041  warning  Expected a conditional expression and instead saw an assignment            no-cond-assign
   8:128803  warning  Expected a 'break' statement before 'case'                                 no-fallthrough
   8:128990  warning  Expected a 'break' statement before 'case'                                 no-fallthrough
   8:130204  warning  Expected a conditional expression and instead saw an assignment            no-cond-assign
   8:131705  warning  Expected a 'break' statement before 'case'                                 no-fallthrough
   8:133246  warning  Unexpected control character(s) in regular expression: \x00                no-control-regex
   9:476     warning  Expected a 'break' statement before 'case'                                 no-fallthrough
   9:5078    warning  Do not access Object.prototype method 'hasOwnProperty' from target object  no-prototype-builtins
   9:5650    warning  Do not access Object.prototype method 'hasOwnProperty' from target object  no-prototype-builtins
   9:5989    warning  Do not access Object.prototype method 'hasOwnProperty' from target object  no-prototype-builtins
   9:6384    warning  Do not access Object.prototype method 'hasOwnProperty' from target object  no-prototype-builtins
   9:6500    warning  Expected a 'break' statement before 'default'                              no-fallthrough
   9:6662    warning  Do not access Object.prototype method 'hasOwnProperty' from target object  no-prototype-builtins
   9:6925    warning  Do not access Object.prototype method 'hasOwnProperty' from target object  no-prototype-builtins
   9:7419    warning  Expected a 'break' statement before 'case'                                 no-fallthrough
   9:7558    warning  Do not access Object.prototype method 'hasOwnProperty' from target object  no-prototype-builtins
   9:7736    warning  Do not access Object.prototype method 'hasOwnProperty' from target object  no-prototype-builtins
   9:7818    warning  Do not access Object.prototype method 'hasOwnProperty' from target object  no-prototype-builtins
   9:8079    warning  Do not access Object.prototype method 'hasOwnProperty' from target object  no-prototype-builtins
   9:8177    warning  Expected a 'break' statement before 'default'                              no-fallthrough
   9:8187    warning  Do not access Object.prototype method 'hasOwnProperty' from target object  no-prototype-builtins
   9:8265    warning  Do not access Object.prototype method 'hasOwnProperty' from target object  no-prototype-builtins
   9:8653    warning  Do not access Object.prototype method 'hasOwnProperty' from target object  no-prototype-builtins
   9:8727    warning  Expected a 'break' statement before 'default'                              no-fallthrough
   9:8737    warning  Do not access Object.prototype method 'hasOwnProperty' from target object  no-prototype-builtins
   9:8805    warning  Do not access Object.prototype method 'hasOwnProperty' from target object  no-prototype-builtins
   9:8923    warning  Expected a 'break' statement before 'default'                              no-fallthrough
   9:9099    warning  Do not access Object.prototype method 'hasOwnProperty' from target object  no-prototype-builtins
   9:9130    warning  Do not access Object.prototype method 'hasOwnProperty' from target object  no-prototype-builtins
   9:9254    warning  Do not access Object.prototype method 'hasOwnProperty' from target object  no-prototype-builtins
   9:9528    warning  Do not access Object.prototype method 'hasOwnProperty' from target object  no-prototype-builtins
   9:9559    warning  Do not access Object.prototype method 'hasOwnProperty' from target object  no-prototype-builtins
   9:9679    warning  Do not access Object.prototype method 'hasOwnProperty' from target object  no-prototype-builtins
   9:10034   warning  Do not access Object.prototype method 'hasOwnProperty' from target object  no-prototype-builtins
   9:10065   warning  Do not access Object.prototype method 'hasOwnProperty' from target object  no-prototype-builtins
   9:10133   warning  Do not access Object.prototype method 'hasOwnProperty' from target object  no-prototype-builtins
   9:10347   warning  Do not access Object.prototype method 'hasOwnProperty' from target object  no-prototype-builtins
   9:10382   warning  Do not access Object.prototype method 'hasOwnProperty' from target object  no-prototype-builtins
   9:10452   warning  Do not access Object.prototype method 'hasOwnProperty' from target object  no-prototype-builtins
   9:10550   warning  Do not access Object.prototype method 'hasOwnProperty' from target object  no-prototype-builtins
   9:10581   warning  Do not access Object.prototype method 'hasOwnProperty' from target object  no-prototype-builtins
   9:10647   warning  Do not access Object.prototype method 'hasOwnProperty' from target object  no-prototype-builtins
   9:18693   warning  Expected a conditional expression and instead saw an assignment            no-cond-assign
   9:19764   warning  Expected a conditional expression and instead saw an assignment            no-cond-assign
   9:22297   warning  Expected a conditional expression and instead saw an assignment            no-cond-assign
   9:34376   warning  'navigation' is not defined                                                no-undef
   9:34405   warning  'navigation' is not defined                                                no-undef
   9:34445   warning  'navigation' is not defined                                                no-undef
   9:34591   warning  'navigation' is not defined                                                no-undef
   9:34633   warning  'navigation' is not defined                                                no-undef
   9:34682   warning  'navigation' is not defined                                                no-undef
   9:34763   warning  'navigation' is not defined                                                no-undef
   9:34808   warning  'navigation' is not defined                                                no-undef
   9:34860   warning  'navigation' is not defined                                                no-undef
   9:36007   warning  '__REACT_DEVTOOLS_GLOBAL_HOOK__' is not defined                            no-undef
   9:36106   warning  Empty block statement                                                      no-empty
   9:37252   warning  '__REACT_DEVTOOLS_GLOBAL_HOOK__' is not defined                            no-undef
   9:37309   warning  '__REACT_DEVTOOLS_GLOBAL_HOOK__' is not defined                            no-undef
   9:37821   warning  'process' is not defined                                                   no-undef
   9:37839   warning  'process' is not defined                                                   no-undef
   9:37862   warning  'process' is not defined                                                   no-undef
   9:46741   warning  'ul' is defined but never used                                             no-unused-vars
   9:46763   warning  'nl' is defined but never used                                             no-unused-vars
   9:48162   warning  Unnecessary escape character: \[                                           no-useless-escape
   9:48179   warning  Unnecessary escape character: \/                                           no-useless-escape
   9:49575   warning  Unnecessary escape character: \[                                           no-useless-escape
   9:49592   warning  Unnecessary escape character: \/                                           no-useless-escape
   9:59614   warning  'ul' is defined but never used                                             no-unused-vars
  37:11516   warning  'q' is defined but never used                                              no-unused-vars

/home/runner/work/exp-user-authentication-mechanisms-amrt/exp-user-authentication-mechanisms-amrt/experiment/simulation/js/index-BZPhGt1_.js
   1:810     warning  'global' is not defined                                                    no-undef
   1:1019    warning  Empty block statement                                                      no-empty
   1:6011    warning  'process' is not defined                                                   no-undef
   1:6037    warning  'process' is not defined                                                   no-undef
   1:10638   warning  'setImmediate' is not defined                                              no-undef
   1:11493   warning  Unreachable code                                                           no-unreachable
   1:16775   warning  '__REACT_DEVTOOLS_GLOBAL_HOOK__' is not defined                            no-undef
   1:16832   warning  '__REACT_DEVTOOLS_GLOBAL_HOOK__' is not defined                            no-undef
   1:20209   warning  Empty block statement                                                      no-empty
   6:202     warning  Expected a conditional expression and instead saw an assignment            no-cond-assign
   8:548     warning  Empty block statement                                                      no-empty
   8:4239    warning  Expected a conditional expression and instead saw an assignment            no-cond-assign
   8:4339    warning  Expected a conditional expression and instead saw an assignment            no-cond-assign
   8:4422    warning  Expected a conditional expression and instead saw an assignment            no-cond-assign
   8:4879    warning  Unexpected combined character in character class                           no-misleading-character-class
   8:6394    warning  Do not access Object.prototype method 'hasOwnProperty' from target object  no-prototype-builtins
   8:8622    warning  Do not access Object.prototype method 'hasOwnProperty' from target object  no-prototype-builtins
   8:10739   warning  Do not access Object.prototype method 'hasOwnProperty' from target object  no-prototype-builtins
   8:10769   warning  Do not access Object.prototype method 'hasOwnProperty' from target object  no-prototype-builtins
   8:10888   warning  Do not access Object.prototype method 'hasOwnProperty' from target object  no-prototype-builtins
   8:10949   warning  Do not access Object.prototype method 'hasOwnProperty' from target object  no-prototype-builtins
   8:13912   warning  Unexpected control character(s) in regular expression: \x00, \x1f          no-control-regex
   8:15955   warning  Expected to return a value in method 'get'                                 getter-return
   8:16645   warning  Do not access Object.prototype method 'hasOwnProperty' from target object  no-prototype-builtins
   8:16987   warning  Invalid typeof comparison value                                            valid-typeof
   8:17161   warning  Invalid typeof comparison value                                            valid-typeof
   8:19026   warning  Expected a conditional expression and instead saw an assignment            no-cond-assign
   8:25345   warning  Do not access Object.prototype method 'hasOwnProperty' from target object  no-prototype-builtins
   8:26655   warning  'process' is not defined                                                   no-undef
   8:26681   warning  'process' is not defined                                                   no-undef
   8:43632   warning  Empty block statement                                                      no-empty
   8:45718   warning  Expected a 'break' statement before 'case'                                 no-fallthrough
   8:46178   warning  Unexpected constant condition                                              no-constant-condition
   8:59211   warning  Empty block statement                                                      no-empty
   8:59220   warning  Empty block statement                                                      no-empty
   8:64774   warning  Expected a conditional expression and instead saw an assignment            no-cond-assign
   8:69680   warning  Expected a conditional expression and instead saw an assignment            no-cond-assign
   8:72578   warning  Expected a conditional expression and instead saw an assignment            no-cond-assign
   8:73686   warning  Expected a conditional expression and instead saw an assignment            no-cond-assign
   8:75365   warning  Expected a conditional expression and instead saw an assignment            no-cond-assign
   8:81999   warning  Expected a conditional expression and instead saw an assignment            no-cond-assign
   8:86985   warning  Unnecessary escape character: \/                                           no-useless-escape
   8:97752   warning  Expected a 'break' statement before 'case'                                 no-fallthrough
   8:98705   warning  Empty block statement                                                      no-empty
   8:98984   warning  Expected a 'break' statement before 'case'                                 no-fallthrough
   8:102180  warning  Expected a conditional expression and instead saw an assignment            no-cond-assign
   8:104551  warning  Do not access Object.prototype method 'hasOwnProperty' from target object  no-prototype-builtins
   8:106365  warning  Expected a 'break' statement before 'case'                                 no-fallthrough
   8:107038  warning  Expected a 'break' statement before 'case'                                 no-fallthrough
   8:112828  warning  Expected a 'break' statement before 'case'                                 no-fallthrough
   8:113162  warning  Unexpected constant condition                                              no-constant-condition
   8:115781  warning  Unexpected constant condition                                              no-constant-condition
   8:116406  warning  Expected a 'break' statement before 'case'                                 no-fallthrough
   8:116725  warning  Unexpected constant condition                                              no-constant-condition
   8:117125  warning  Expected a 'break' statement before 'default'                              no-fallthrough
   8:119610  warning  Expected a conditional expression and instead saw an assignment            no-cond-assign
   8:120422  warning  Empty block statement                                                      no-empty
   8:121172  warning  Empty block statement                                                      no-empty
   8:122649  warning  't' is defined but never used                                              no-unused-vars
   8:125041  warning  Expected a conditional expression and instead saw an assignment            no-cond-assign
   8:128803  warning  Expected a 'break' statement before 'case'                                 no-fallthrough
   8:128990  warning  Expected a 'break' statement before 'case'                                 no-fallthrough
   8:130204  warning  Expected a conditional expression and instead saw an assignment            no-cond-assign
   8:131705  warning  Expected a 'break' statement before 'case'                                 no-fallthrough
   8:133246  warning  Unexpected control character(s) in regular expression: \x00                no-control-regex
   9:476     warning  Expected a 'break' statement before 'case'                                 no-fallthrough
   9:5078    warning  Do not access Object.prototype method 'hasOwnProperty' from target object  no-prototype-builtins
   9:5650    warning  Do not access Object.prototype method 'hasOwnProperty' from target object  no-prototype-builtins
   9:5989    warning  Do not access Object.prototype method 'hasOwnProperty' from target object  no-prototype-builtins
   9:6384    warning  Do not access Object.prototype method 'hasOwnProperty' from target object  no-prototype-builtins
   9:6500    warning  Expected a 'break' statement before 'default'                              no-fallthrough
   9:6662    warning  Do not access Object.prototype method 'hasOwnProperty' from target object  no-prototype-builtins
   9:6925    warning  Do not access Object.prototype method 'hasOwnProperty' from target object  no-prototype-builtins
   9:7419    warning  Expected a 'break' statement before 'case'                                 no-fallthrough
   9:7558    warning  Do not access Object.prototype method 'hasOwnProperty' from target object  no-prototype-builtins
   9:7736    warning  Do not access Object.prototype method 'hasOwnProperty' from target object  no-prototype-builtins
   9:7818    warning  Do not access Object.prototype method 'hasOwnProperty' from target object  no-prototype-builtins
   9:8079    warning  Do not access Object.prototype method 'hasOwnProperty' from target object  no-prototype-builtins
   9:8177    warning  Expected a 'break' statement before 'default'                              no-fallthrough
   9:8187    warning  Do not access Object.prototype method 'hasOwnProperty' from target object  no-prototype-builtins
   9:8265    warning  Do not access Object.prototype method 'hasOwnProperty' from target object  no-prototype-builtins
   9:8653    warning  Do not access Object.prototype method 'hasOwnProperty' from target object  no-prototype-builtins
   9:8727    warning  Expected a 'break' statement before 'default'                              no-fallthrough
   9:8737    warning  Do not access Object.prototype method 'hasOwnProperty' from target object  no-prototype-builtins
   9:8805    warning  Do not access Object.prototype method 'hasOwnProperty' from target object  no-prototype-builtins
   9:8923    warning  Expected a 'break' statement before 'default'                              no-fallthrough
   9:9099    warning  Do not access Object.prototype method 'hasOwnProperty' from target object  no-prototype-builtins
   9:9130    warning  Do not access Object.prototype method 'hasOwnProperty' from target object  no-prototype-builtins
   9:9254    warning  Do not access Object.prototype method 'hasOwnProperty' from target object  no-prototype-builtins
   9:9528    warning  Do not access Object.prototype method 'hasOwnProperty' from target object  no-prototype-builtins
   9:9559    warning  Do not access Object.prototype method 'hasOwnProperty' from target object  no-prototype-builtins
   9:9679    warning  Do not access Object.prototype method 'hasOwnProperty' from target object  no-prototype-builtins
   9:10034   warning  Do not access Object.prototype method 'hasOwnProperty' from target object  no-prototype-builtins
   9:10065   warning  Do not access Object.prototype method 'hasOwnProperty' from target object  no-prototype-builtins
   9:10133   warning  Do not access Object.prototype method 'hasOwnProperty' from target object  no-prototype-builtins
   9:10347   warning  Do not access Object.prototype method 'hasOwnProperty' from target object  no-prototype-builtins
   9:10382   warning  Do not access Object.prototype method 'hasOwnProperty' from target object  no-prototype-builtins
   9:10452   warning  Do not access Object.prototype method 'hasOwnProperty' from target object  no-prototype-builtins
   9:10550   warning  Do not access Object.prototype method 'hasOwnProperty' from target object  no-prototype-builtins
   9:10581   warning  Do not access Object.prototype method 'hasOwnProperty' from target object  no-prototype-builtins
   9:10647   warning  Do not access Object.prototype method 'hasOwnProperty' from target object  no-prototype-builtins
   9:18693   warning  Expected a conditional expression and instead saw an assignment            no-cond-assign
   9:19764   warning  Expected a conditional expression and instead saw an assignment            no-cond-assign
   9:22297   warning  Expected a conditional expression and instead saw an assignment            no-cond-assign
   9:34376   warning  'navigation' is not defined                                                no-undef
   9:34405   warning  'navigation' is not defined                                                no-undef
   9:34445   warning  'navigation' is not defined                                                no-undef
   9:34591   warning  'navigation' is not defined                                                no-undef
   9:34633   warning  'navigation' is not defined                                                no-undef
   9:34682   warning  'navigation' is not defined                                                no-undef
   9:34763   warning  'navigation' is not defined                                                no-undef
   9:34808   warning  'navigation' is not defined                                                no-undef
   9:34860   warning  'navigation' is not defined                                                no-undef
   9:36007   warning  '__REACT_DEVTOOLS_GLOBAL_HOOK__' is not defined                            no-undef
   9:36106   warning  Empty block statement                                                      no-empty
   9:37252   warning  '__REACT_DEVTOOLS_GLOBAL_HOOK__' is not defined                            no-undef
   9:37309   warning  '__REACT_DEVTOOLS_GLOBAL_HOOK__' is not defined                            no-undef
   9:37821   warning  'process' is not defined                                                   no-undef
   9:37839   warning  'process' is not defined                                                   no-undef
   9:37862   warning  'process' is not defined                                                   no-undef
   9:46741   warning  'ul' is defined but never used                                             no-unused-vars
   9:46763   warning  'nl' is defined but never used                                             no-unused-vars
   9:48162   warning  Unnecessary escape character: \[                                           no-useless-escape
   9:48179   warning  Unnecessary escape character: \/                                           no-useless-escape
   9:49575   warning  Unnecessary escape character: \[                                           no-useless-escape
   9:49592   warning  Unnecessary escape character: \/                                           no-useless-escape
   9:59591   warning  'ul' is defined but never used                                             no-unused-vars
  37:11253   warning  'q' is defined but never used                                              no-unused-vars

/home/runner/work/exp-user-authentication-mechanisms-amrt/exp-user-authentication-mechanisms-amrt/experiment/simulation/js/index-BgsqXWgH.js
  1:798     warning  'global' is not defined                                                    no-undef
  1:1007    warning  Empty block statement                                                      no-empty
  1:5989    warning  'process' is not defined                                                   no-undef
  1:6015    warning  'process' is not defined                                                   no-undef
  1:10613   warning  'setImmediate' is not defined                                              no-undef
  1:11471   warning  Unreachable code                                                           no-unreachable
  1:16766   warning  '__REACT_DEVTOOLS_GLOBAL_HOOK__' is not defined                            no-undef
  1:16823   warning  '__REACT_DEVTOOLS_GLOBAL_HOOK__' is not defined                            no-undef
  1:20196   warning  Empty block statement                                                      no-empty
  6:202     warning  Expected a conditional expression and instead saw an assignment            no-cond-assign
  8:548     warning  Empty block statement                                                      no-empty
  8:4239    warning  Expected a conditional expression and instead saw an assignment            no-cond-assign
  8:4339    warning  Expected a conditional expression and instead saw an assignment            no-cond-assign
  8:4422    warning  Expected a conditional expression and instead saw an assignment            no-cond-assign
  8:4879    warning  Unexpected combined character in character class                           no-misleading-character-class
  8:6394    warning  Do not access Object.prototype method 'hasOwnProperty' from target object  no-prototype-builtins
  8:8622    warning  Do not access Object.prototype method 'hasOwnProperty' from target object  no-prototype-builtins
  8:10740   warning  Do not access Object.prototype method 'hasOwnProperty' from target object  no-prototype-builtins
  8:10770   warning  Do not access Object.prototype method 'hasOwnProperty' from target object  no-prototype-builtins
  8:10889   warning  Do not access Object.prototype method 'hasOwnProperty' from target object  no-prototype-builtins
  8:10950   warning  Do not access Object.prototype method 'hasOwnProperty' from target object  no-prototype-builtins
  8:13913   warning  Unexpected control character(s) in regular expression: \x00, \x1f          no-control-regex
  8:15956   warning  Expected to return a value in method 'get'                                 getter-return
  8:16646   warning  Do not access Object.prototype method 'hasOwnProperty' from target object  no-prototype-builtins
  8:16988   warning  Invalid typeof comparison value                                            valid-typeof
  8:17162   warning  Invalid typeof comparison value                                            valid-typeof
  8:19027   warning  Expected a conditional expression and instead saw an assignment            no-cond-assign
  8:25346   warning  Do not access Object.prototype method 'hasOwnProperty' from target object  no-prototype-builtins
  8:26656   warning  'process' is not defined                                                   no-undef
  8:26682   warning  'process' is not defined                                                   no-undef
  8:43641   warning  Empty block statement                                                      no-empty
  8:45727   warning  Expected a 'break' statement before 'case'                                 no-fallthrough
  8:46187   warning  Unexpected constant condition                                              no-constant-condition
  8:59221   warning  Empty block statement                                                      no-empty
  8:59230   warning  Empty block statement                                                      no-empty
  8:64784   warning  Expected a conditional expression and instead saw an assignment            no-cond-assign
  8:69690   warning  Expected a conditional expression and instead saw an assignment            no-cond-assign
  8:72588   warning  Expected a conditional expression and instead saw an assignment            no-cond-assign
  8:73696   warning  Expected a conditional expression and instead saw an assignment            no-cond-assign
  8:75375   warning  Expected a conditional expression and instead saw an assignment            no-cond-assign
  8:82009   warning  Expected a conditional expression and instead saw an assignment            no-cond-assign
  8:86995   warning  Unnecessary escape character: \/                                           no-useless-escape
  8:97762   warning  Expected a 'break' statement before 'case'                                 no-fallthrough
  8:98715   warning  Empty block statement                                                      no-empty
  8:98994   warning  Expected a 'break' statement before 'case'                                 no-fallthrough
  8:102190  warning  Expected a conditional expression and instead saw an assignment            no-cond-assign
  8:104561  warning  Do not access Object.prototype method 'hasOwnProperty' from target object  no-prototype-builtins
  8:106375  warning  Expected a 'break' statement before 'case'                                 no-fallthrough
  8:107048  warning  Expected a 'break' statement before 'case'                                 no-fallthrough
  8:112838  warning  Expected a 'break' statement before 'case'                                 no-fallthrough
  8:113172  warning  Unexpected constant condition                                              no-constant-condition
  8:115791  warning  Unexpected constant condition                                              no-constant-condition
  8:116416  warning  Expected a 'break' statement before 'case'                                 no-fallthrough
  8:116735  warning  Unexpected constant condition                                              no-constant-condition
  8:117135  warning  Expected a 'break' statement before 'default'                              no-fallthrough
  8:119620  warning  Expected a conditional expression and instead saw an assignment            no-cond-assign
  8:120432  warning  Empty block statement                                                      no-empty
  8:121182  warning  Empty block statement                                                      no-empty
  8:122659  warning  't' is defined but never used                                              no-unused-vars
  8:125051  warning  Expected a conditional expression and instead saw an assignment            no-cond-assign
  8:128813  warning  Expected a 'break' statement before 'case'                                 no-fallthrough
  8:129000  warning  Expected a 'break' statement before 'case'                                 no-fallthrough
  8:130214  warning  Expected a conditional expression and instead saw an assignment            no-cond-assign
  8:131714  warning  Expected a 'break' statement before 'case'                                 no-fallthrough
  8:133255  warning  Unexpected control character(s) in regular expression: \x00                no-control-regex
  9:476     warning  Expected a 'break' statement before 'case'                                 no-fallthrough
  9:5078    warning  Do not access Object.prototype method 'hasOwnProperty' from target object  no-prototype-builtins
  9:5650    warning  Do not access Object.prototype method 'hasOwnProperty' from target object  no-prototype-builtins
  9:5989    warning  Do not access Object.prototype method 'hasOwnProperty' from target object  no-prototype-builtins
  9:6384    warning  Do not access Object.prototype method 'hasOwnProperty' from target object  no-prototype-builtins
  9:6500    warning  Expected a 'break' statement before 'default'                              no-fallthrough
  9:6662    warning  Do not access Object.prototype method 'hasOwnProperty' from target object  no-prototype-builtins
  9:6925    warning  Do not access Object.prototype method 'hasOwnProperty' from target object  no-prototype-builtins
  9:7419    warning  Expected a 'break' statement before 'case'                                 no-fallthrough
  9:7558    warning  Do not access Object.prototype method 'hasOwnProperty' from target object  no-prototype-builtins
  9:7736    warning  Do not access Object.prototype method 'hasOwnProperty' from target object  no-prototype-builtins
  9:7818    warning  Do not access Object.prototype method 'hasOwnProperty' from target object  no-prototype-builtins
  9:8079    warning  Do not access Object.prototype method 'hasOwnProperty' from target object  no-prototype-builtins
  9:8177    warning  Expected a 'break' statement before 'default'                              no-fallthrough
  9:8187    warning  Do not access Object.prototype method 'hasOwnProperty' from target object  no-prototype-builtins
  9:8265    warning  Do not access Object.prototype method 'hasOwnProperty' from target object  no-prototype-builtins
  9:8653    warning  Do not access Object.prototype method 'hasOwnProperty' from target object  no-prototype-builtins
  9:8727    warning  Expected a 'break' statement before 'default'                              no-fallthrough
  9:8737    warning  Do not access Object.prototype method 'hasOwnProperty' from target object  no-prototype-builtins
  9:8805    warning  Do not access Object.prototype method 'hasOwnProperty' from target object  no-prototype-builtins
  9:8923    warning  Expected a 'break' statement before 'default'                              no-fallthrough
  9:9099    warning  Do not access Object.prototype method 'hasOwnProperty' from target object  no-prototype-builtins
  9:9130    warning  Do not access Object.prototype method 'hasOwnProperty' from target object  no-prototype-builtins
  9:9254    warning  Do not access Object.prototype method 'hasOwnProperty' from target object  no-prototype-builtins
  9:9528    warning  Do not access Object.prototype method 'hasOwnProperty' from target object  no-prototype-builtins
  9:9559    warning  Do not access Object.prototype method 'hasOwnProperty' from target object  no-prototype-builtins
  9:9679    warning  Do not access Object.prototype method 'hasOwnProperty' from target object  no-prototype-builtins
  9:10034   warning  Do not access Object.prototype method 'hasOwnProperty' from target object  no-prototype-builtins
  9:10065   warning  Do not access Object.prototype method 'hasOwnProperty' from target object  no-prototype-builtins
  9:10133   warning  Do not access Object.prototype method 'hasOwnProperty' from target object  no-prototype-builtins
  9:10347   warning  Do not access Object.prototype method 'hasOwnProperty' from target object  no-prototype-builtins
  9:10382   warning  Do not access Object.prototype method 'hasOwnProperty' from target object  no-prototype-builtins
  9:10452   warning  Do not access Object.prototype method 'hasOwnProperty' from target object  no-prototype-builtins
  9:10550   warning  Do not access Object.prototype method 'hasOwnProperty' from target object  no-prototype-builtins
  9:10581   warning  Do not access Object.prototype method 'hasOwnProperty' from target object  no-prototype-builtins
  9:10647   warning  Do not access Object.prototype method 'hasOwnProperty' from target object  no-prototype-builtins
  9:18693   warning  Expected a conditional expression and instead saw an assignment            no-cond-assign
  9:19764   warning  Expected a conditional expression and instead saw an assignment            no-cond-assign
  9:22297   warning  Expected a conditional expression and instead saw an assignment            no-cond-assign
  9:34375   warning  'navigation' is not defined                                                no-undef
  9:34404   warning  'navigation' is not defined                                                no-undef
  9:34444   warning  'navigation' is not defined                                                no-undef
  9:34590   warning  'navigation' is not defined                                                no-undef
  9:34632   warning  'navigation' is not defined                                                no-undef
  9:34681   warning  'navigation' is not defined                                                no-undef
  9:34762   warning  'navigation' is not defined                                                no-undef
  9:34807   warning  'navigation' is not defined                                                no-undef
  9:34859   warning  'navigation' is not defined                                                no-undef
  9:36006   warning  '__REACT_DEVTOOLS_GLOBAL_HOOK__' is not defined                            no-undef
  9:36105   warning  Empty block statement                                                      no-empty
  9:37251   warning  '__REACT_DEVTOOLS_GLOBAL_HOOK__' is not defined                            no-undef
  9:37308   warning  '__REACT_DEVTOOLS_GLOBAL_HOOK__' is not defined                            no-undef
  9:37819   warning  'process' is not defined                                                   no-undef
  9:37837   warning  'process' is not defined                                                   no-undef
  9:37860   warning  'process' is not defined                                                   no-undef
  9:47168   warning  Unnecessary escape character: \[                                           no-useless-escape
  9:47185   warning  Unnecessary escape character: \/                                           no-useless-escape
  9:47407   warning  'd' is defined but never used                                              no-unused-vars
  9:57337   warning  'H' is defined but never used                                              no-unused-vars

/home/runner/work/exp-user-authentication-mechanisms-amrt/exp-user-authentication-mechanisms-amrt/experiment/simulation/js/index-ar9efM9G.js
   1:810     warning  'global' is not defined                                                    no-undef
   1:1019    warning  Empty block statement                                                      no-empty
   1:6014    warning  'process' is not defined                                                   no-undef
   1:6040    warning  'process' is not defined                                                   no-undef
   1:10601   warning  'setImmediate' is not defined                                              no-undef
   1:11456   warning  Unreachable code                                                           no-unreachable
   1:16743   warning  '__REACT_DEVTOOLS_GLOBAL_HOOK__' is not defined                            no-undef
   1:16800   warning  '__REACT_DEVTOOLS_GLOBAL_HOOK__' is not defined                            no-undef
   1:20178   warning  Empty block statement                                                      no-empty
   6:202     warning  Expected a conditional expression and instead saw an assignment            no-cond-assign
   8:548     warning  Empty block statement                                                      no-empty
   8:4239    warning  Expected a conditional expression and instead saw an assignment            no-cond-assign
   8:4339    warning  Expected a conditional expression and instead saw an assignment            no-cond-assign
   8:4422    warning  Expected a conditional expression and instead saw an assignment            no-cond-assign
   8:4879    warning  Unexpected combined character in character class                           no-misleading-character-class
   8:6394    warning  Do not access Object.prototype method 'hasOwnProperty' from target object  no-prototype-builtins
   8:8622    warning  Do not access Object.prototype method 'hasOwnProperty' from target object  no-prototype-builtins
   8:10739   warning  Do not access Object.prototype method 'hasOwnProperty' from target object  no-prototype-builtins
   8:10769   warning  Do not access Object.prototype method 'hasOwnProperty' from target object  no-prototype-builtins
   8:10888   warning  Do not access Object.prototype method 'hasOwnProperty' from target object  no-prototype-builtins
   8:10949   warning  Do not access Object.prototype method 'hasOwnProperty' from target object  no-prototype-builtins
   8:13912   warning  Unexpected control character(s) in regular expression: \x00, \x1f          no-control-regex
   8:15955   warning  Expected to return a value in method 'get'                                 getter-return
   8:16645   warning  Do not access Object.prototype method 'hasOwnProperty' from target object  no-prototype-builtins
   8:16987   warning  Invalid typeof comparison value                                            valid-typeof
   8:17161   warning  Invalid typeof comparison value                                            valid-typeof
   8:19026   warning  Expected a conditional expression and instead saw an assignment            no-cond-assign
   8:25345   warning  Do not access Object.prototype method 'hasOwnProperty' from target object  no-prototype-builtins
   8:26655   warning  'process' is not defined                                                   no-undef
   8:26681   warning  'process' is not defined                                                   no-undef
   8:43632   warning  Empty block statement                                                      no-empty
   8:45718   warning  Expected a 'break' statement before 'case'                                 no-fallthrough
   8:46178   warning  Unexpected constant condition                                              no-constant-condition
   8:59211   warning  Empty block statement                                                      no-empty
   8:59220   warning  Empty block statement                                                      no-empty
   8:64774   warning  Expected a conditional expression and instead saw an assignment            no-cond-assign
   8:69680   warning  Expected a conditional expression and instead saw an assignment            no-cond-assign
   8:72578   warning  Expected a conditional expression and instead saw an assignment            no-cond-assign
   8:73686   warning  Expected a conditional expression and instead saw an assignment            no-cond-assign
   8:75365   warning  Expected a conditional expression and instead saw an assignment            no-cond-assign
   8:81999   warning  Expected a conditional expression and instead saw an assignment            no-cond-assign
   8:86985   warning  Unnecessary escape character: \/                                           no-useless-escape
   8:97752   warning  Expected a 'break' statement before 'case'                                 no-fallthrough
   8:98705   warning  Empty block statement                                                      no-empty
   8:98984   warning  Expected a 'break' statement before 'case'                                 no-fallthrough
   8:102180  warning  Expected a conditional expression and instead saw an assignment            no-cond-assign
   8:104551  warning  Do not access Object.prototype method 'hasOwnProperty' from target object  no-prototype-builtins
   8:106365  warning  Expected a 'break' statement before 'case'                                 no-fallthrough
   8:107038  warning  Expected a 'break' statement before 'case'                                 no-fallthrough
   8:112828  warning  Expected a 'break' statement before 'case'                                 no-fallthrough
   8:113162  warning  Unexpected constant condition                                              no-constant-condition
   8:115781  warning  Unexpected constant condition                                              no-constant-condition
   8:116406  warning  Expected a 'break' statement before 'case'                                 no-fallthrough
   8:116725  warning  Unexpected constant condition                                              no-constant-condition
   8:117125  warning  Expected a 'break' statement before 'default'                              no-fallthrough
   8:119610  warning  Expected a conditional expression and instead saw an assignment            no-cond-assign
   8:120422  warning  Empty block statement                                                      no-empty
   8:121172  warning  Empty block statement                                                      no-empty
   8:122649  warning  't' is defined but never used                                              no-unused-vars
   8:125041  warning  Expected a conditional expression and instead saw an assignment            no-cond-assign
   8:128803  warning  Expected a 'break' statement before 'case'                                 no-fallthrough
   8:128990  warning  Expected a 'break' statement before 'case'                                 no-fallthrough
   8:130204  warning  Expected a conditional expression and instead saw an assignment            no-cond-assign
   8:131705  warning  Expected a 'break' statement before 'case'                                 no-fallthrough
   8:133246  warning  Unexpected control character(s) in regular expression: \x00                no-control-regex
   9:476     warning  Expected a 'break' statement before 'case'                                 no-fallthrough
   9:5078    warning  Do not access Object.prototype method 'hasOwnProperty' from target object  no-prototype-builtins
   9:5650    warning  Do not access Object.prototype method 'hasOwnProperty' from target object  no-prototype-builtins
   9:5989    warning  Do not access Object.prototype method 'hasOwnProperty' from target object  no-prototype-builtins
   9:6384    warning  Do not access Object.prototype method 'hasOwnProperty' from target object  no-prototype-builtins
   9:6500    warning  Expected a 'break' statement before 'default'                              no-fallthrough
   9:6662    warning  Do not access Object.prototype method 'hasOwnProperty' from target object  no-prototype-builtins
   9:6925    warning  Do not access Object.prototype method 'hasOwnProperty' from target object  no-prototype-builtins
   9:7419    warning  Expected a 'break' statement before 'case'                                 no-fallthrough
   9:7558    warning  Do not access Object.prototype method 'hasOwnProperty' from target object  no-prototype-builtins
   9:7736    warning  Do not access Object.prototype method 'hasOwnProperty' from target object  no-prototype-builtins
   9:7818    warning  Do not access Object.prototype method 'hasOwnProperty' from target object  no-prototype-builtins
   9:8079    warning  Do not access Object.prototype method 'hasOwnProperty' from target object  no-prototype-builtins
   9:8177    warning  Expected a 'break' statement before 'default'                              no-fallthrough
   9:8187    warning  Do not access Object.prototype method 'hasOwnProperty' from target object  no-prototype-builtins
   9:8265    warning  Do not access Object.prototype method 'hasOwnProperty' from target object  no-prototype-builtins
   9:8653    warning  Do not access Object.prototype method 'hasOwnProperty' from target object  no-prototype-builtins
   9:8727    warning  Expected a 'break' statement before 'default'                              no-fallthrough
   9:8737    warning  Do not access Object.prototype method 'hasOwnProperty' from target object  no-prototype-builtins
   9:8805    warning  Do not access Object.prototype method 'hasOwnProperty' from target object  no-prototype-builtins
   9:8923    warning  Expected a 'break' statement before 'default'                              no-fallthrough
   9:9099    warning  Do not access Object.prototype method 'hasOwnProperty' from target object  no-prototype-builtins
   9:9130    warning  Do not access Object.prototype method 'hasOwnProperty' from target object  no-prototype-builtins
   9:9254    warning  Do not access Object.prototype method 'hasOwnProperty' from target object  no-prototype-builtins
   9:9528    warning  Do not access Object.prototype method 'hasOwnProperty' from target object  no-prototype-builtins
   9:9559    warning  Do not access Object.prototype method 'hasOwnProperty' from target object  no-prototype-builtins
   9:9679    warning  Do not access Object.prototype method 'hasOwnProperty' from target object  no-prototype-builtins
   9:10034   warning  Do not access Object.prototype method 'hasOwnProperty' from target object  no-prototype-builtins
   9:10065   warning  Do not access Object.prototype method 'hasOwnProperty' from target object  no-prototype-builtins
   9:10133   warning  Do not access Object.prototype method 'hasOwnProperty' from target object  no-prototype-builtins
   9:10347   warning  Do not access Object.prototype method 'hasOwnProperty' from target object  no-prototype-builtins
   9:10382   warning  Do not access Object.prototype method 'hasOwnProperty' from target object  no-prototype-builtins
   9:10452   warning  Do not access Object.prototype method 'hasOwnProperty' from target object  no-prototype-builtins
   9:10550   warning  Do not access Object.prototype method 'hasOwnProperty' from target object  no-prototype-builtins
   9:10581   warning  Do not access Object.prototype method 'hasOwnProperty' from target object  no-prototype-builtins
   9:10647   warning  Do not access Object.prototype method 'hasOwnProperty' from target object  no-prototype-builtins
   9:18693   warning  Expected a conditional expression and instead saw an assignment            no-cond-assign
   9:19764   warning  Expected a conditional expression and instead saw an assignment            no-cond-assign
   9:22297   warning  Expected a conditional expression and instead saw an assignment            no-cond-assign
   9:34378   warning  'navigation' is not defined                                                no-undef
   9:34407   warning  'navigation' is not defined                                                no-undef
   9:34447   warning  'navigation' is not defined                                                no-undef
   9:34593   warning  'navigation' is not defined                                                no-undef
   9:34635   warning  'navigation' is not defined                                                no-undef
   9:34684   warning  'navigation' is not defined                                                no-undef
   9:34765   warning  'navigation' is not defined                                                no-undef
   9:34810   warning  'navigation' is not defined                                                no-undef
   9:34862   warning  'navigation' is not defined                                                no-undef
   9:36009   warning  '__REACT_DEVTOOLS_GLOBAL_HOOK__' is not defined                            no-undef
   9:36108   warning  Empty block statement                                                      no-empty
   9:37254   warning  '__REACT_DEVTOOLS_GLOBAL_HOOK__' is not defined                            no-undef
   9:37311   warning  '__REACT_DEVTOOLS_GLOBAL_HOOK__' is not defined                            no-undef
   9:37823   warning  'process' is not defined                                                   no-undef
   9:37841   warning  'process' is not defined                                                   no-undef
   9:37864   warning  'process' is not defined                                                   no-undef
   9:46749   warning  'al' is defined but never used                                             no-unused-vars
   9:46771   warning  'ul' is defined but never used                                             no-unused-vars
   9:48190   warning  Unnecessary escape character: \[                                           no-useless-escape
   9:48207   warning  Unnecessary escape character: \/                                           no-useless-escape
   9:49627   warning  Unnecessary escape character: \[                                           no-useless-escape
   9:49644   warning  Unnecessary escape character: \/                                           no-useless-escape
   9:59642   warning  'al' is defined but never used                                             no-unused-vars
  37:11246   warning  'T' is defined but never used                                              no-unused-vars

✖ 508 problems (0 errors, 508 warnings)

