=/pretest.json
{
  _: [],
  f: [
    '/home/runner/work/exp-user-authentication-mechanisms-amrt/exp-user-authentication-mechanisms-amrt/experiment/pretest.json'
  ],
  files: [
    '/home/runner/work/exp-user-authentication-mechanisms-amrt/exp-user-authentication-mechanisms-amrt/experiment/pretest.json'
  ],
  c: 'assessment',
  contentTypes: 'assessment',
  'content-types': 'assessment',
  '$0': 'validate'
}
Json Error: must have required property 'questions'
Json Error: must match "then" schema
Json Error: must match "then" schema
Failed while validating /home/runner/work/exp-user-authentication-mechanisms-amrt/exp-user-authentication-mechanisms-amrt/experiment/pretest.json
Error: Schema is Invalid
=/posttest.json
{
  _: [],
  f: [
    '/home/runner/work/exp-user-authentication-mechanisms-amrt/exp-user-authentication-mechanisms-amrt/experiment/posttest.json'
  ],
  files: [
    '/home/runner/work/exp-user-authentication-mechanisms-amrt/exp-user-authentication-mechanisms-amrt/experiment/posttest.json'
  ],
  c: 'assessment',
  contentTypes: 'assessment',
  'content-types': 'assessment',
  '$0': 'validate'
}
Json Error: must have required property 'questions'
Json Error: must match "then" schema
Json Error: must match "then" schema
Failed while validating /home/runner/work/exp-user-authentication-mechanisms-amrt/exp-user-authentication-mechanisms-amrt/experiment/posttest.json
Error: Schema is Invalid
